46 행: ShockwaveCtl1 컨트롤의 DIRECTORSHOCKWAVELibCtl.ShockwaveCtl 클래스는 로드한 컨트롤 클래스가 아닙니다.
52 행: ShockwaveCtl1의 _cx 속성 이름이 잘못되었습니다. 
53 행: ShockwaveCtl1의 _cy 속성 이름이 잘못되었습니다. 
54 행: ShockwaveCtl1의 BGCOLOR 속성 이름이 잘못되었습니다. 
55 행: ShockwaveCtl1의 swURL 속성 이름이 잘못되었습니다. 
56 행: ShockwaveCtl1의 swText 속성 이름이 잘못되었습니다. 
57 행: ShockwaveCtl1의 swForeColor 속성 이름이 잘못되었습니다. 
58 행: ShockwaveCtl1의 swBackColor 속성 이름이 잘못되었습니다. 
59 행: ShockwaveCtl1의 swFrame 속성 이름이 잘못되었습니다. 
60 행: ShockwaveCtl1의 swColor 속성 이름이 잘못되었습니다. 
61 행: ShockwaveCtl1의 swName 속성 이름이 잘못되었습니다. 
62 행: ShockwaveCtl1의 swPassword 속성 이름이 잘못되었습니다. 
63 행: ShockwaveCtl1의 swBanner 속성 이름이 잘못되었습니다. 
64 행: ShockwaveCtl1의 swSound 속성 이름이 잘못되었습니다. 
65 행: ShockwaveCtl1의 swVolume 속성 이름이 잘못되었습니다. 
66 행: ShockwaveCtl1의 swPreloadTime 속성 이름이 잘못되었습니다. 
67 행: ShockwaveCtl1의 swAudio 속성 이름이 잘못되었습니다. 
68 행: ShockwaveCtl1의 swList 속성 이름이 잘못되었습니다. 
69 행: ShockwaveCtl1의 sw1 속성 이름이 잘못되었습니다. 
70 행: ShockwaveCtl1의 sw2 속성 이름이 잘못되었습니다. 
71 행: ShockwaveCtl1의 sw3 속성 이름이 잘못되었습니다. 
72 행: ShockwaveCtl1의 sw4 속성 이름이 잘못되었습니다. 
73 행: ShockwaveCtl1의 sw5 속성 이름이 잘못되었습니다. 
74 행: ShockwaveCtl1의 sw6 속성 이름이 잘못되었습니다. 
75 행: ShockwaveCtl1의 sw7 속성 이름이 잘못되었습니다. 
76 행: ShockwaveCtl1의 sw8 속성 이름이 잘못되었습니다. 
77 행: ShockwaveCtl1의 sw9 속성 이름이 잘못되었습니다. 
78 행: ShockwaveCtl1의 SRC 속성 이름이 잘못되었습니다. 
79 행: ShockwaveCtl1의 AutoStart 속성 이름이 잘못되었습니다. 
80 행: ShockwaveCtl1의 Sound 속성 이름이 잘못되었습니다. 
81 행: ShockwaveCtl1의 swRemote 속성 이름이 잘못되었습니다. 
82 행: ShockwaveCtl1의 logo 속성 이름이 잘못되었습니다. 
83 행: ShockwaveCtl1의 progress 속성 이름이 잘못되었습니다. 
84 행: ShockwaveCtl1의 PowerMenuEnabled 속성 이름이 잘못되었습니다. 
85 행: ShockwaveCtl1의 swModifyReport 속성 이름이 잘못되었습니다. 
86 행: ShockwaveCtl1의 swClickThroughUrl 속성 이름이 잘못되었습니다. 
87 행: ShockwaveCtl1의 swStretchStyle 속성 이름이 잘못되었습니다. 
88 행: ShockwaveCtl1의 swStretchHAlign 속성 이름이 잘못되었습니다. 
89 행: ShockwaveCtl1의 swStretchVAlign 속성 이름이 잘못되었습니다. 
